<?xml version="1.0" encoding="utf-8"?><testsuites name="pytest tests"><testsuite name="pytest" errors="0" failures="1" skipped="0" tests="15" time="6.618" timestamp="2026-04-29T04:05:19.104661+00:00" hostname="agent-env-a5b46169-9c30-4a30-9693-de4ed8255361"><testcase classname="backend.tests.test_cms_blog.TestAuth" name="test_login_success_sets_cookies_and_returns_admin_user" time="0.382" /><testcase classname="backend.tests.test_cms_blog.TestAuth" name="test_me_with_cookies_returns_admin" time="0.387" /><testcase classname="backend.tests.test_cms_blog.TestAuth" name="test_me_without_cookies_returns_401" time="0.114" /><testcase classname="backend.tests.test_cms_blog.TestAuth" name="test_logout_clears_cookies_and_me_returns_401" time="0.427" /><testcase classname="backend.tests.test_cms_blog.TestAuth" name="test_brute_force_lockout_returns_429_after_5" time="3.409"><failure message="AssertionError: Expected at least one 429 within 30 attempts; got codes=[401, 401, 401, 401, 401, 401, 401, 401, 401, 500, 500, 500, 500, 401, 500, 500, 500, 500, 500, 500, 500, 500, 500, 500, 500, 500, 500, 500, 500, 500]. Likely backend identifier uses pod-internal IP (request.client.host) splitting counter across pods, OR datetime comparison bug.&#10;assert 429 in [401, 401, 401, 401, 401, 401, ...]">backend/tests/test_cms_blog.py:101: in test_brute_force_lockout_returns_429_after_5
    assert 429 in codes, (
E   AssertionError: Expected at least one 429 within 30 attempts; got codes=[401, 401, 401, 401, 401, 401, 401, 401, 401, 500, 500, 500, 500, 401, 500, 500, 500, 500, 500, 500, 500, 500, 500, 500, 500, 500, 500, 500, 500, 500]. Likely backend identifier uses pod-internal IP (request.client.host) splitting counter across pods, OR datetime comparison bug.
E   assert 429 in [401, 401, 401, 401, 401, 401, ...]</failure></testcase><testcase classname="backend.tests.test_cms_blog.TestPublicBlog" name="test_list_published_posts_returns_12" time="0.129" /><testcase classname="backend.tests.test_cms_blog.TestPublicBlog" name="test_get_post_by_slug" time="0.126" /><testcase classname="backend.tests.test_cms_blog.TestPublicBlog" name="test_get_post_unknown_slug_404" time="0.107" /><testcase classname="backend.tests.test_cms_blog.TestAdminAuthRequired" name="test_admin_posts_without_cookies_401" time="0.121" /><testcase classname="backend.tests.test_cms_blog.TestAdminAuthRequired" name="test_admin_create_without_cookies_401" time="0.101" /><testcase classname="backend.tests.test_cms_blog.TestAdminAuthRequired" name="test_admin_upload_without_cookies_401" time="0.103" /><testcase classname="backend.tests.test_cms_blog.TestAdminCRUD" name="test_admin_list_posts_returns_all" time="0.054" /><testcase classname="backend.tests.test_cms_blog.TestAdminCRUD" name="test_full_round_trip" time="0.854" /><testcase classname="backend.tests.test_cms_blog.TestAdminCRUD" name="test_create_post_auto_slug_when_missing" time="0.092" /><testcase classname="backend.tests.test_cms_blog.TestStorefrontRegression" name="test_tiers_endpoint_returns_4_tiers" time="0.101" /></testsuite></testsuites>